[ 2024-12-02 00:09:17,176 ] 1027 httpx - INFO - HTTP Request: GET https://dagshub.com/api/v1/user "HTTP/1.1 200 OK"
[ 2024-12-02 00:09:17,225 ] 107 dagshub - INFO - Accessing as spandanr
[ 2024-12-02 00:09:17,611 ] 1027 httpx - INFO - HTTP Request: GET https://dagshub.com/api/v1/repos/spandanr/networksecurity "HTTP/1.1 200 OK"
[ 2024-12-02 00:09:17,986 ] 1027 httpx - INFO - HTTP Request: GET https://dagshub.com/api/v1/user "HTTP/1.1 200 OK"
[ 2024-12-02 00:09:17,989 ] 107 dagshub - INFO - Initialized MLflow to track repo "spandanr/networksecurity"
[ 2024-12-02 00:09:17,990 ] 107 dagshub - INFO - Repository spandanr/networksecurity initialized!
[ 2024-12-02 00:10:55,632 ] 42 root - INFO - Start data Ingestion
[ 2024-12-02 00:10:58,994 ] 65 root - INFO - Performed train test split on the dataframe
[ 2024-12-02 00:10:58,994 ] 67 root - INFO - Exited split_data_as_train_test method of Data_Ingestion class
[ 2024-12-02 00:10:59,005 ] 75 root - INFO - Exporting train and test file path.
[ 2024-12-02 00:10:59,079 ] 84 root - INFO - Exported train and test file path.
[ 2024-12-02 00:10:59,079 ] 45 root - INFO - Data Ingestion completed and artifact: DataIngestionArtifact(trained_file_path='Artifacts\\12_02_2024_00_08_19\\data_ingestion\\ingested\\train.csv', test_file_path='Artifacts\\12_02_2024_00_08_19\\data_ingestion\\ingested\\test.csv')
[ 2024-12-02 00:10:59,090 ] 55 root - INFO - Initiate the data Validation
[ 2024-12-02 00:10:59,373 ] 32 root - INFO - Required number of columns:2
[ 2024-12-02 00:10:59,373 ] 33 root - INFO - Data frame has columns:31
[ 2024-12-02 00:10:59,373 ] 32 root - INFO - Required number of columns:2
[ 2024-12-02 00:10:59,373 ] 33 root - INFO - Data frame has columns:31
[ 2024-12-02 00:10:59,681 ] 63 root - INFO - Entered initiate_data_transformation method of DataTransformation class
[ 2024-12-02 00:10:59,681 ] 65 root - INFO - Starting data transformation
[ 2024-12-02 00:10:59,715 ] 48 root - INFO - Entered get_data_trnasformer_object method of Trnasformation class
[ 2024-12-02 00:10:59,715 ] 53 root - INFO - Initialise KNNImputer with {'missing_values': nan, 'n_neighbors': 3, 'weights': 'uniform'}
[ 2024-12-02 00:10:59,766 ] 46 root - INFO - Entered the save_object method of MainUtils class
[ 2024-12-02 00:10:59,768 ] 50 root - INFO - Exited the save_object method of MainUtils class
[ 2024-12-02 00:10:59,769 ] 46 root - INFO - Entered the save_object method of MainUtils class
[ 2024-12-02 00:10:59,774 ] 50 root - INFO - Exited the save_object method of MainUtils class
[ 2024-12-02 00:16:28,224 ] 46 root - INFO - Entered the save_object method of MainUtils class
[ 2024-12-02 00:16:28,225 ] 50 root - INFO - Exited the save_object method of MainUtils class
[ 2024-12-02 00:16:28,225 ] 46 root - INFO - Entered the save_object method of MainUtils class
[ 2024-12-02 00:16:28,230 ] 50 root - INFO - Exited the save_object method of MainUtils class
[ 2024-12-02 00:16:28,230 ] 154 root - INFO - Model trainer artifact: ModelTrainerArtifact(trained_model_file_path='Artifacts\\12_02_2024_00_08_19\\model_trainer\\trained_model\\model.pkl', train_metric_artifact=ClassificationMetricArtifact(f1_score=np.float64(0.9918057663125949), precision_score=np.float64(0.9907033144704931), recall_score=np.float64(0.9929106744986834)), test_metric_artifact=ClassificationMetricArtifact(f1_score=np.float64(0.9698942229454841), precision_score=np.float64(0.962843295638126), recall_score=np.float64(0.9770491803278688)))
