[ 2024-12-02 00:37:22,828 ] 1027 httpx - INFO - HTTP Request: GET https://dagshub.com/api/v1/user "HTTP/1.1 200 OK"
[ 2024-12-02 00:37:22,836 ] 107 dagshub - INFO - Accessing as spandanr
[ 2024-12-02 00:37:23,254 ] 1027 httpx - INFO - HTTP Request: GET https://dagshub.com/api/v1/repos/spandanr/networksecurity "HTTP/1.1 200 OK"
[ 2024-12-02 00:37:23,591 ] 1027 httpx - INFO - HTTP Request: GET https://dagshub.com/api/v1/user "HTTP/1.1 200 OK"
[ 2024-12-02 00:37:23,595 ] 107 dagshub - INFO - Initialized MLflow to track repo "spandanr/networksecurity"
[ 2024-12-02 00:37:23,596 ] 107 dagshub - INFO - Repository spandanr/networksecurity initialized!
[ 2024-12-02 00:39:01,120 ] 42 root - INFO - Start data Ingestion
[ 2024-12-02 00:39:04,290 ] 65 root - INFO - Performed train test split on the dataframe
[ 2024-12-02 00:39:04,290 ] 67 root - INFO - Exited split_data_as_train_test method of Data_Ingestion class
[ 2024-12-02 00:39:04,290 ] 75 root - INFO - Exporting train and test file path.
[ 2024-12-02 00:39:04,370 ] 84 root - INFO - Exported train and test file path.
[ 2024-12-02 00:39:04,371 ] 45 root - INFO - Data Ingestion completed and artifact: DataIngestionArtifact(trained_file_path='Artifacts\\12_02_2024_00_37_19\\data_ingestion\\ingested\\train.csv', test_file_path='Artifacts\\12_02_2024_00_37_19\\data_ingestion\\ingested\\test.csv')
[ 2024-12-02 00:39:04,396 ] 55 root - INFO - Initiate the data Validation
[ 2024-12-02 00:39:04,545 ] 32 root - INFO - Required number of columns:2
[ 2024-12-02 00:39:04,545 ] 33 root - INFO - Data frame has columns:31
[ 2024-12-02 00:39:04,545 ] 32 root - INFO - Required number of columns:2
[ 2024-12-02 00:39:04,545 ] 33 root - INFO - Data frame has columns:31
[ 2024-12-02 00:39:04,780 ] 63 root - INFO - Entered initiate_data_transformation method of DataTransformation class
[ 2024-12-02 00:39:04,781 ] 65 root - INFO - Starting data transformation
[ 2024-12-02 00:39:04,809 ] 48 root - INFO - Entered get_data_trnasformer_object method of Trnasformation class
[ 2024-12-02 00:39:04,809 ] 53 root - INFO - Initialise KNNImputer with {'missing_values': nan, 'n_neighbors': 3, 'weights': 'uniform'}
[ 2024-12-02 00:39:04,856 ] 46 root - INFO - Entered the save_object method of MainUtils class
[ 2024-12-02 00:39:04,865 ] 50 root - INFO - Exited the save_object method of MainUtils class
[ 2024-12-02 00:39:04,865 ] 46 root - INFO - Entered the save_object method of MainUtils class
[ 2024-12-02 00:39:04,873 ] 50 root - INFO - Exited the save_object method of MainUtils class
[ 2024-12-02 00:43:15,628 ] 46 root - INFO - Entered the save_object method of MainUtils class
[ 2024-12-02 00:43:15,628 ] 50 root - INFO - Exited the save_object method of MainUtils class
[ 2024-12-02 00:43:15,628 ] 46 root - INFO - Entered the save_object method of MainUtils class
[ 2024-12-02 00:43:15,632 ] 50 root - INFO - Exited the save_object method of MainUtils class
[ 2024-12-02 00:43:15,633 ] 154 root - INFO - Model trainer artifact: ModelTrainerArtifact(trained_model_file_path='Artifacts\\12_02_2024_00_37_19\\model_trainer\\trained_model\\model.pkl', train_metric_artifact=ClassificationMetricArtifact(f1_score=np.float64(0.9910368710531676), precision_score=np.float64(0.9896257119609438), recall_score=np.float64(0.992452060383517)), test_metric_artifact=ClassificationMetricArtifact(f1_score=np.float64(0.9752593774940144), precision_score=np.float64(0.9768185451638689), recall_score=np.float64(0.9737051792828685)))
